{
  "qa_analysis_report": {
    "metadata": {
      "project": "FastAPI Scholarship Discovery Search API",
      "analysis_timestamp": "2025-08-18T17:35:30.648543",
      "analyst": "Senior QA Engineer (Automated Analysis)",
      "analysis_type": "Comprehensive Code Quality & Security Assessment"
    },
    "executive_summary": {
      "total_issues_found": 6,
      "severity_breakdown": {
        "Critical": 0,
        "High": 5,
        "Medium": 1,
        "Low": 0
      },
      "tests_executed": 17,
      "critical_issues_count": 0,
      "high_priority_issues": 5
    },
    "detailed_findings": [
      {
        "issue_id": "STRUCT-001-requirements.txt",
        "location": "Project root",
        "description": "Missing required file: requirements.txt",
        "steps_to_reproduce": "Check if requirements.txt exists in project root",
        "observed_output": "File not found: requirements.txt",
        "expected_output": "File should exist: requirements.txt",
        "severity": "Medium",
        "timestamp": "2025-08-18T17:35:30.084796"
      },
      {
        "issue_id": "CONFIG-001-1",
        "location": "config/settings.py",
        "description": "Configuration loading failed with environment: {'ENVIRONMENT': 'production', 'JWT_SECRET_KEY': 'test-key-xxxxxxxxxxxxxxxxxxxxxxxxxxxxxxxxxxxxxxxxxxxxxxxxxx'}",
        "steps_to_reproduce": "Set environment variables: {'ENVIRONMENT': 'production', 'JWT_SECRET_KEY': 'test-key-xxxxxxxxxxxxxxxxxxxxxxxxxxxxxxxxxxxxxxxxxxxxxxxxxx'} and load Settings()",
        "observed_output": "Exception: 1 validation error for Settings\n  Value error, Production configuration validation failed:\n- JWT_SECRET_KEY must be at least 64 characters in production\n- CORS_ALLOWED_ORIGINS must be configured in production\n- ALLOWED_HOSTS must be configured in production [type=value_error, input_value={'ENVIRONMENT': 'producti...neondb?sslmode=require'}, input_type=dict]\n    For further information visit https://errors.pydantic.dev/2.11/v/value_error",
        "expected_output": "Successful configuration loading",
        "severity": "High",
        "timestamp": "2025-08-18T17:35:30.468624"
      },
      {
        "issue_id": "CONFIG-001-3",
        "location": "config/settings.py",
        "description": "Configuration loading failed with environment: {'PUBLIC_READ_ENDPOINTS': 'true'}",
        "steps_to_reproduce": "Set environment variables: {'PUBLIC_READ_ENDPOINTS': 'true'} and load Settings()",
        "observed_output": "Exception: 1 validation error for Settings\n  Value error, Production configuration validation failed:\n- JWT_SECRET_KEY must be at least 64 characters in production\n- CORS_ALLOWED_ORIGINS must be configured in production\n- ALLOWED_HOSTS must be configured in production [type=value_error, input_value={'ENVIRONMENT': 'producti...neondb?sslmode=require'}, input_type=dict]\n    For further information visit https://errors.pydantic.dev/2.11/v/value_error",
        "expected_output": "Successful configuration loading",
        "severity": "High",
        "timestamp": "2025-08-18T17:35:30.471442"
      },
      {
        "issue_id": "CONFIG-001-4",
        "location": "config/settings.py",
        "description": "Configuration loading failed with environment: {'PUBLIC_READ_ENDPOINTS': 'false'}",
        "steps_to_reproduce": "Set environment variables: {'PUBLIC_READ_ENDPOINTS': 'false'} and load Settings()",
        "observed_output": "Exception: 1 validation error for Settings\n  Value error, Production configuration validation failed:\n- JWT_SECRET_KEY must be at least 64 characters in production\n- CORS_ALLOWED_ORIGINS must be configured in production\n- ALLOWED_HOSTS must be configured in production [type=value_error, input_value={'ENVIRONMENT': 'producti...neondb?sslmode=require'}, input_type=dict]\n    For further information visit https://errors.pydantic.dev/2.11/v/value_error",
        "expected_output": "Successful configuration loading",
        "severity": "High",
        "timestamp": "2025-08-18T17:35:30.472973"
      },
      {
        "issue_id": "CONFIG-001-5",
        "location": "config/settings.py",
        "description": "Configuration loading failed with environment: {'RATE_LIMIT_ENABLED': 'true'}",
        "steps_to_reproduce": "Set environment variables: {'RATE_LIMIT_ENABLED': 'true'} and load Settings()",
        "observed_output": "Exception: 1 validation error for Settings\n  Value error, Production configuration validation failed:\n- JWT_SECRET_KEY must be at least 64 characters in production\n- CORS_ALLOWED_ORIGINS must be configured in production\n- ALLOWED_HOSTS must be configured in production [type=value_error, input_value={'ENVIRONMENT': 'producti..._LIMIT_ENABLED': 'true'}, input_type=dict]\n    For further information visit https://errors.pydantic.dev/2.11/v/value_error",
        "expected_output": "Successful configuration loading",
        "severity": "High",
        "timestamp": "2025-08-18T17:35:30.474533"
      },
      {
        "issue_id": "CONFIG-001-6",
        "location": "config/settings.py",
        "description": "Configuration loading failed with environment: {'RATE_LIMIT_ENABLED': 'false'}",
        "steps_to_reproduce": "Set environment variables: {'RATE_LIMIT_ENABLED': 'false'} and load Settings()",
        "observed_output": "Exception: 1 validation error for Settings\n  Value error, Production configuration validation failed:\n- JWT_SECRET_KEY must be at least 64 characters in production\n- CORS_ALLOWED_ORIGINS must be configured in production\n- ALLOWED_HOSTS must be configured in production [type=value_error, input_value={'ENVIRONMENT': 'producti...LIMIT_ENABLED': 'false'}, input_type=dict]\n    For further information visit https://errors.pydantic.dev/2.11/v/value_error",
        "expected_output": "Successful configuration loading",
        "severity": "High",
        "timestamp": "2025-08-18T17:35:30.476025"
      }
    ],
    "test_execution_results": [
      {
        "test_name": "Config Test 1",
        "status": "PASSED",
        "details": "Configuration loaded successfully with {'ENVIRONMENT': 'development'}",
        "timestamp": "2025-08-18T17:35:30.466878"
      },
      {
        "test_name": "Config Test 3",
        "status": "PASSED",
        "details": "Configuration loaded successfully with {'ENVIRONMENT': 'local'}",
        "timestamp": "2025-08-18T17:35:30.469915"
      },
      {
        "test_name": "API GET /",
        "status": "PASSED",
        "details": "HTTP 200 as expected",
        "timestamp": "2025-08-18T17:35:30.502817"
      },
      {
        "test_name": "API GET /health",
        "status": "PASSED",
        "details": "HTTP 200 as expected",
        "timestamp": "2025-08-18T17:35:30.508135"
      },
      {
        "test_name": "API GET /docs",
        "status": "PASSED",
        "details": "HTTP 200 as expected",
        "timestamp": "2025-08-18T17:35:30.514841"
      },
      {
        "test_name": "API GET /api/v1/scholarships",
        "status": "PASSED",
        "details": "HTTP 401 as expected",
        "timestamp": "2025-08-18T17:35:30.521757"
      },
      {
        "test_name": "API GET /search",
        "status": "PASSED",
        "details": "HTTP 401 as expected",
        "timestamp": "2025-08-18T17:35:30.528064"
      },
      {
        "test_name": "API GET /eligibility/check",
        "status": "PASSED",
        "details": "HTTP 401 as expected",
        "timestamp": "2025-08-18T17:35:30.535232"
      },
      {
        "test_name": "Edge Case: Empty String Inputs",
        "status": "COMPLETED",
        "details": "HTTP 401",
        "timestamp": "2025-08-18T17:35:30.541457"
      },
      {
        "test_name": "Edge Case: Very Long String",
        "status": "COMPLETED",
        "details": "HTTP 414",
        "timestamp": "2025-08-18T17:35:30.553978"
      },
      {
        "test_name": "Edge Case: Special Characters",
        "status": "COMPLETED",
        "details": "HTTP 401",
        "timestamp": "2025-08-18T17:35:30.560636"
      },
      {
        "test_name": "Edge Case: SQL Injection Attempt",
        "status": "COMPLETED",
        "details": "HTTP 401",
        "timestamp": "2025-08-18T17:35:30.566388"
      },
      {
        "test_name": "Edge Case: XSS Attempt",
        "status": "COMPLETED",
        "details": "HTTP 401",
        "timestamp": "2025-08-18T17:35:30.571867"
      },
      {
        "test_name": "Edge Case: Invalid GPA Values",
        "status": "COMPLETED",
        "details": "HTTP 422",
        "timestamp": "2025-08-18T17:35:30.579671"
      },
      {
        "test_name": "Edge Case: Boundary GPA",
        "status": "COMPLETED",
        "details": "HTTP 422",
        "timestamp": "2025-08-18T17:35:30.585500"
      },
      {
        "test_name": "Edge Case: Invalid Amount",
        "status": "COMPLETED",
        "details": "HTTP 422",
        "timestamp": "2025-08-18T17:35:30.591221"
      },
      {
        "test_name": "Performance Test",
        "status": "COMPLETED",
        "details": "Average response time: 0.006s over 10 requests",
        "timestamp": "2025-08-18T17:35:30.648160"
      }
    ],
    "recommendations": [
      "Address all Critical severity issues immediately",
      "Implement comprehensive error handling for edge cases",
      "Add input validation for all user-facing endpoints",
      "Implement rate limiting to prevent abuse",
      "Add security headers to prevent common attacks",
      "Implement comprehensive logging for debugging",
      "Add automated testing pipeline for continuous quality assurance"
    ]
  }
}