2025-08-18 04:58:26 - scholarship_api.services.scholarship_service - INFO - Initialized ScholarshipService with 15 scholarships
(trapped) error reading bcrypt version
Traceback (most recent call last):
  File "/home/runner/workspace/.pythonlibs/lib/python3.11/site-packages/passlib/handlers/bcrypt.py", line 620, in _load_backend_mixin
    version = _bcrypt.__about__.__version__
              ^^^^^^^^^^^^^^^^^
AttributeError: module 'bcrypt' has no attribute '__about__'
2025-08-18 04:58:27 - scholarship_api.middleware.rate_limiting - WARNING - ⚠️  Redis not available, using in-memory rate limiting: Error 99 connecting to localhost:6379. Cannot assign requested address.
2025-08-18 04:58:28 - scholarship_api.services.openai_service - INFO - OpenAI service initialized successfully
2025-08-18 04:58:28 - scholarship_api.metrics - INFO - Metrics endpoint configured at /metrics
2025-08-18 04:58:28 - scholarship_api.tracing - INFO - No OTEL_EXPORTER_OTLP_ENDPOINT configured, using no-op tracer
2025-08-18 04:58:28 - scholarship_api - INFO - Starting Scholarship Discovery API server
INFO:     Will watch for changes in these directories: ['/home/runner/workspace']
INFO:     Uvicorn running on http://0.0.0.0:5000 (Press CTRL+C to quit)
INFO:     Started reloader process [2897] using StatReload
2025-08-18 04:58:28 - scholarship_api.services.scholarship_service - INFO - Initialized ScholarshipService with 15 scholarships
(trapped) error reading bcrypt version
Traceback (most recent call last):
  File "/home/runner/workspace/.pythonlibs/lib/python3.11/site-packages/passlib/handlers/bcrypt.py", line 620, in _load_backend_mixin
    version = _bcrypt.__about__.__version__
              ^^^^^^^^^^^^^^^^^
AttributeError: module 'bcrypt' has no attribute '__about__'
2025-08-18 04:58:29 - scholarship_api.middleware.rate_limiting - WARNING - ⚠️  Redis not available, using in-memory rate limiting: Error 99 connecting to localhost:6379. Cannot assign requested address.
2025-08-18 04:58:30 - scholarship_api.services.openai_service - INFO - OpenAI service initialized successfully
2025-08-18 04:58:30 - scholarship_api.metrics - INFO - Metrics endpoint configured at /metrics
2025-08-18 04:58:30 - scholarship_api.tracing - INFO - No OTEL_EXPORTER_OTLP_ENDPOINT configured, using no-op tracer
2025-08-18 04:58:30 - scholarship_api.metrics - INFO - Metrics endpoint configured at /metrics
2025-08-18 04:58:30 - scholarship_api.tracing - INFO - No OTEL_EXPORTER_OTLP_ENDPOINT configured, using no-op tracer
INFO:     Started server process [2910]
INFO:     Waiting for application startup.
INFO:     Application startup complete.
2025-08-18 04:58:31 - scholarship_api.request_id_middleware - INFO - GET / - 200
INFO:     127.0.0.1:40834 - "GET / HTTP/1.1" 200 OK
2025-08-18 04:58:31 - scholarship_api.request_id_middleware - INFO - GET / - 200
INFO:     172.31.69.2:57848 - "GET / HTTP/1.1" 200 OK
2025-08-18 05:01:01 - scholarship_api.request_id_middleware - ERROR - POST /eligibility/check - ERROR
INFO:     127.0.0.1:36610 - "POST /eligibility/check HTTP/1.1" 500 Internal Server Error
ERROR:    Exception in ASGI application
  + Exception Group Traceback (most recent call last):
  |   File "/home/runner/workspace/.pythonlibs/lib/python3.11/site-packages/starlette/_utils.py", line 77, in collapse_excgroups
  |     yield
  |   File "/home/runner/workspace/.pythonlibs/lib/python3.11/site-packages/starlette/middleware/base.py", line 183, in __call__
  |     async with anyio.create_task_group() as task_group:
  |   File "/home/runner/workspace/.pythonlibs/lib/python3.11/site-packages/anyio/_backends/_asyncio.py", line 772, in __aexit__
  |     raise BaseExceptionGroup(
  | ExceptionGroup: unhandled errors in a TaskGroup (1 sub-exception)
  +-+---------------- 1 ----------------
    | Traceback (most recent call last):
    |   File "/home/runner/workspace/.pythonlibs/lib/python3.11/site-packages/uvicorn/protocols/http/h11_impl.py", line 403, in run_asgi
    |     result = await app(  # type: ignore[func-returns-value]
    |              ^^^^^^^^^^^^^^^^^^^^^^^^^^^^^^^^^^^^^^^^^^^^^^
    |   File "/home/runner/workspace/.pythonlibs/lib/python3.11/site-packages/uvicorn/middleware/proxy_headers.py", line 60, in __call__
    |     return await self.app(scope, receive, send)
    |            ^^^^^^^^^^^^^^^^^^^^^^^^^^^^^^^^^^^^
    |   File "/home/runner/workspace/.pythonlibs/lib/python3.11/site-packages/fastapi/applications.py", line 1054, in __call__
    |     await super().__call__(scope, receive, send)
    |   File "/home/runner/workspace/.pythonlibs/lib/python3.11/site-packages/starlette/applications.py", line 113, in __call__
    |     await self.middleware_stack(scope, receive, send)
    |   File "/home/runner/workspace/.pythonlibs/lib/python3.11/site-packages/starlette/middleware/errors.py", line 186, in __call__
    |     raise exc
    |   File "/home/runner/workspace/.pythonlibs/lib/python3.11/site-packages/starlette/middleware/errors.py", line 164, in __call__
    |     await self.app(scope, receive, _send)
    |   File "/home/runner/workspace/.pythonlibs/lib/python3.11/site-packages/starlette/middleware/cors.py", line 85, in __call__
    |     await self.app(scope, receive, send)
    |   File "/home/runner/workspace/.pythonlibs/lib/python3.11/site-packages/starlette/middleware/base.py", line 182, in __call__
    |     with recv_stream, send_stream, collapse_excgroups():
    |   File "/nix/store/7d088dip86hlzri9sk0h78b63yfmx0a0-python3-3.11.13/lib/python3.11/contextlib.py", line 158, in __exit__
    |     self.gen.throw(typ, value, traceback)
    |   File "/home/runner/workspace/.pythonlibs/lib/python3.11/site-packages/starlette/_utils.py", line 83, in collapse_excgroups
    |     raise exc
    |   File "/home/runner/workspace/.pythonlibs/lib/python3.11/site-packages/starlette/middleware/base.py", line 184, in __call__
    |     response = await self.dispatch_func(request, call_next)
    |                ^^^^^^^^^^^^^^^^^^^^^^^^^^^^^^^^^^^^^^^^^^^^
    |   File "/home/runner/workspace/middleware/error_handling.py", line 284, in trace_id_middleware
    |     response = await call_next(request)
    |                ^^^^^^^^^^^^^^^^^^^^^^^^
    |   File "/home/runner/workspace/.pythonlibs/lib/python3.11/site-packages/starlette/middleware/base.py", line 159, in call_next
    |     raise app_exc
    |   File "/home/runner/workspace/.pythonlibs/lib/python3.11/site-packages/starlette/middleware/base.py", line 144, in coro
    |     await self.app(scope, receive_or_disconnect, send_no_error)
    |   File "/home/runner/workspace/.pythonlibs/lib/python3.11/site-packages/starlette/middleware/base.py", line 182, in __call__
    |     with recv_stream, send_stream, collapse_excgroups():
    |   File "/nix/store/7d088dip86hlzri9sk0h78b63yfmx0a0-python3-3.11.13/lib/python3.11/contextlib.py", line 158, in __exit__
    |     self.gen.throw(typ, value, traceback)
    |   File "/home/runner/workspace/.pythonlibs/lib/python3.11/site-packages/starlette/_utils.py", line 83, in collapse_excgroups
    |     raise exc
    |   File "/home/runner/workspace/.pythonlibs/lib/python3.11/site-packages/starlette/middleware/base.py", line 184, in __call__
    |     response = await self.dispatch_func(request, call_next)
    |                ^^^^^^^^^^^^^^^^^^^^^^^^^^^^^^^^^^^^^^^^^^^^
    |   File "/home/runner/workspace/middleware/request_id.py", line 31, in dispatch
    |     response = await call_next(request)
    |                ^^^^^^^^^^^^^^^^^^^^^^^^
    |   File "/home/runner/workspace/.pythonlibs/lib/python3.11/site-packages/starlette/middleware/base.py", line 159, in call_next
    |     raise app_exc
    |   File "/home/runner/workspace/.pythonlibs/lib/python3.11/site-packages/starlette/middleware/base.py", line 144, in coro
    |     await self.app(scope, receive_or_disconnect, send_no_error)
    |   File "/home/runner/workspace/.pythonlibs/lib/python3.11/site-packages/starlette/middleware/base.py", line 182, in __call__
    |     with recv_stream, send_stream, collapse_excgroups():
    |   File "/nix/store/7d088dip86hlzri9sk0h78b63yfmx0a0-python3-3.11.13/lib/python3.11/contextlib.py", line 158, in __exit__
    |     self.gen.throw(typ, value, traceback)
    |   File "/home/runner/workspace/.pythonlibs/lib/python3.11/site-packages/starlette/_utils.py", line 83, in collapse_excgroups
    |     raise exc
    |   File "/home/runner/workspace/.pythonlibs/lib/python3.11/site-packages/starlette/middleware/base.py", line 184, in __call__
    |     response = await self.dispatch_func(request, call_next)
    |                ^^^^^^^^^^^^^^^^^^^^^^^^^^^^^^^^^^^^^^^^^^^^
    |   File "/home/runner/workspace/middleware/body_limit.py", line 34, in dispatch
    |     response = await call_next(request)
    |                ^^^^^^^^^^^^^^^^^^^^^^^^
    |   File "/home/runner/workspace/.pythonlibs/lib/python3.11/site-packages/starlette/middleware/base.py", line 159, in call_next
    |     raise app_exc
    |   File "/home/runner/workspace/.pythonlibs/lib/python3.11/site-packages/starlette/middleware/base.py", line 144, in coro
    |     await self.app(scope, receive_or_disconnect, send_no_error)
    |   File "/home/runner/workspace/.pythonlibs/lib/python3.11/site-packages/starlette/middleware/base.py", line 182, in __call__
    |     with recv_stream, send_stream, collapse_excgroups():
    |   File "/nix/store/7d088dip86hlzri9sk0h78b63yfmx0a0-python3-3.11.13/lib/python3.11/contextlib.py", line 158, in __exit__
    |     self.gen.throw(typ, value, traceback)
    |   File "/home/runner/workspace/.pythonlibs/lib/python3.11/site-packages/starlette/_utils.py", line 83, in collapse_excgroups
    |     raise exc
    |   File "/home/runner/workspace/.pythonlibs/lib/python3.11/site-packages/starlette/middleware/base.py", line 184, in __call__
    |     response = await self.dispatch_func(request, call_next)
    |                ^^^^^^^^^^^^^^^^^^^^^^^^^^^^^^^^^^^^^^^^^^^^
    |   File "/home/runner/workspace/middleware/security_headers.py", line 16, in dispatch
    |     response = await call_next(request)
    |                ^^^^^^^^^^^^^^^^^^^^^^^^
    |   File "/home/runner/workspace/.pythonlibs/lib/python3.11/site-packages/starlette/middleware/base.py", line 159, in call_next
    |     raise app_exc
    |   File "/home/runner/workspace/.pythonlibs/lib/python3.11/site-packages/starlette/middleware/base.py", line 144, in coro
    |     await self.app(scope, receive_or_disconnect, send_no_error)
    |   File "/home/runner/workspace/.pythonlibs/lib/python3.11/site-packages/starlette/middleware/exceptions.py", line 63, in __call__
    |     await wrap_app_handling_exceptions(self.app, conn)(scope, receive, send)
    |   File "/home/runner/workspace/.pythonlibs/lib/python3.11/site-packages/starlette/_exception_handler.py", line 53, in wrapped_app
    |     raise exc
    |   File "/home/runner/workspace/.pythonlibs/lib/python3.11/site-packages/starlette/_exception_handler.py", line 42, in wrapped_app
    |     await app(scope, receive, sender)
    |   File "/home/runner/workspace/.pythonlibs/lib/python3.11/site-packages/starlette/routing.py", line 716, in __call__
    |     await self.middleware_stack(scope, receive, send)
    |   File "/home/runner/workspace/.pythonlibs/lib/python3.11/site-packages/starlette/routing.py", line 736, in app
    |     await route.handle(scope, receive, send)
    |   File "/home/runner/workspace/.pythonlibs/lib/python3.11/site-packages/starlette/routing.py", line 290, in handle
    |     await self.app(scope, receive, send)
    |   File "/home/runner/workspace/.pythonlibs/lib/python3.11/site-packages/starlette/routing.py", line 78, in app
    |     await wrap_app_handling_exceptions(app, request)(scope, receive, send)
    |   File "/home/runner/workspace/.pythonlibs/lib/python3.11/site-packages/starlette/_exception_handler.py", line 53, in wrapped_app
    |     raise exc
    |   File "/home/runner/workspace/.pythonlibs/lib/python3.11/site-packages/starlette/_exception_handler.py", line 42, in wrapped_app
    |     await app(scope, receive, sender)
    |   File "/home/runner/workspace/.pythonlibs/lib/python3.11/site-packages/starlette/routing.py", line 75, in app
    |     response = await f(request)
    |                ^^^^^^^^^^^^^^^^
    |   File "/home/runner/workspace/.pythonlibs/lib/python3.11/site-packages/fastapi/routing.py", line 302, in app
    |     raw_response = await run_endpoint_function(
    |                    ^^^^^^^^^^^^^^^^^^^^^^^^^^^^
    |   File "/home/runner/workspace/.pythonlibs/lib/python3.11/site-packages/fastapi/routing.py", line 213, in run_endpoint_function
    |     return await dependant.call(**values)
    |            ^^^^^^^^^^^^^^^^^^^^^^^^^^^^^^
    |   File "/home/runner/workspace/.pythonlibs/lib/python3.11/site-packages/slowapi/extension.py", line 734, in async_wrapper
    |     response = await func(*args, **kwargs)  # type: ignore
    |                ^^^^^^^^^^^^^^^^^^^^^^^^^^^
    |   File "/home/runner/workspace/routers/eligibility.py", line 100, in check_eligibility_post
    |     grade_level=request_data.grade_level.value if request_data.grade_level else None,
    |                 ^^^^^^^^^^^^^^^^^^^^^^^^^^^^^^
    | AttributeError: 'str' object has no attribute 'value'
    +------------------------------------

During handling of the above exception, another exception occurred:

Traceback (most recent call last):
  File "/home/runner/workspace/.pythonlibs/lib/python3.11/site-packages/uvicorn/protocols/http/h11_impl.py", line 403, in run_asgi
    result = await app(  # type: ignore[func-returns-value]
             ^^^^^^^^^^^^^^^^^^^^^^^^^^^^^^^^^^^^^^^^^^^^^^
  File "/home/runner/workspace/.pythonlibs/lib/python3.11/site-packages/uvicorn/middleware/proxy_headers.py", line 60, in __call__
    return await self.app(scope, receive, send)
           ^^^^^^^^^^^^^^^^^^^^^^^^^^^^^^^^^^^^
  File "/home/runner/workspace/.pythonlibs/lib/python3.11/site-packages/fastapi/applications.py", line 1054, in __call__
    await super().__call__(scope, receive, send)
  File "/home/runner/workspace/.pythonlibs/lib/python3.11/site-packages/starlette/applications.py", line 113, in __call__
    await self.middleware_stack(scope, receive, send)
  File "/home/runner/workspace/.pythonlibs/lib/python3.11/site-packages/starlette/middleware/errors.py", line 186, in __call__
    raise exc
  File "/home/runner/workspace/.pythonlibs/lib/python3.11/site-packages/starlette/middleware/errors.py", line 164, in __call__
    await self.app(scope, receive, _send)
  File "/home/runner/workspace/.pythonlibs/lib/python3.11/site-packages/starlette/middleware/cors.py", line 85, in __call__
    await self.app(scope, receive, send)
  File "/home/runner/workspace/.pythonlibs/lib/python3.11/site-packages/starlette/middleware/base.py", line 182, in __call__
    with recv_stream, send_stream, collapse_excgroups():
  File "/nix/store/7d088dip86hlzri9sk0h78b63yfmx0a0-python3-3.11.13/lib/python3.11/contextlib.py", line 158, in __exit__
    self.gen.throw(typ, value, traceback)
  File "/home/runner/workspace/.pythonlibs/lib/python3.11/site-packages/starlette/_utils.py", line 83, in collapse_excgroups
    raise exc
  File "/home/runner/workspace/.pythonlibs/lib/python3.11/site-packages/starlette/middleware/base.py", line 184, in __call__
    response = await self.dispatch_func(request, call_next)
               ^^^^^^^^^^^^^^^^^^^^^^^^^^^^^^^^^^^^^^^^^^^^
  File "/home/runner/workspace/middleware/error_handling.py", line 284, in trace_id_middleware
    response = await call_next(request)
               ^^^^^^^^^^^^^^^^^^^^^^^^
  File "/home/runner/workspace/.pythonlibs/lib/python3.11/site-packages/starlette/middleware/base.py", line 159, in call_next
    raise app_exc
  File "/home/runner/workspace/.pythonlibs/lib/python3.11/site-packages/starlette/middleware/base.py", line 144, in coro
    await self.app(scope, receive_or_disconnect, send_no_error)
  File "/home/runner/workspace/.pythonlibs/lib/python3.11/site-packages/starlette/middleware/base.py", line 182, in __call__
    with recv_stream, send_stream, collapse_excgroups():
  File "/nix/store/7d088dip86hlzri9sk0h78b63yfmx0a0-python3-3.11.13/lib/python3.11/contextlib.py", line 158, in __exit__
    self.gen.throw(typ, value, traceback)
  File "/home/runner/workspace/.pythonlibs/lib/python3.11/site-packages/starlette/_utils.py", line 83, in collapse_excgroups
    raise exc
  File "/home/runner/workspace/.pythonlibs/lib/python3.11/site-packages/starlette/middleware/base.py", line 184, in __call__
    response = await self.dispatch_func(request, call_next)
               ^^^^^^^^^^^^^^^^^^^^^^^^^^^^^^^^^^^^^^^^^^^^
  File "/home/runner/workspace/middleware/request_id.py", line 31, in dispatch
    response = await call_next(request)
               ^^^^^^^^^^^^^^^^^^^^^^^^
  File "/home/runner/workspace/.pythonlibs/lib/python3.11/site-packages/starlette/middleware/base.py", line 159, in call_next
    raise app_exc
  File "/home/runner/workspace/.pythonlibs/lib/python3.11/site-packages/starlette/middleware/base.py", line 144, in coro
    await self.app(scope, receive_or_disconnect, send_no_error)
  File "/home/runner/workspace/.pythonlibs/lib/python3.11/site-packages/starlette/middleware/base.py", line 182, in __call__
    with recv_stream, send_stream, collapse_excgroups():
  File "/nix/store/7d088dip86hlzri9sk0h78b63yfmx0a0-python3-3.11.13/lib/python3.11/contextlib.py", line 158, in __exit__
    self.gen.throw(typ, value, traceback)
  File "/home/runner/workspace/.pythonlibs/lib/python3.11/site-packages/starlette/_utils.py", line 83, in collapse_excgroups
    raise exc
  File "/home/runner/workspace/.pythonlibs/lib/python3.11/site-packages/starlette/middleware/base.py", line 184, in __call__
    response = await self.dispatch_func(request, call_next)
               ^^^^^^^^^^^^^^^^^^^^^^^^^^^^^^^^^^^^^^^^^^^^
  File "/home/runner/workspace/middleware/body_limit.py", line 34, in dispatch
    response = await call_next(request)
               ^^^^^^^^^^^^^^^^^^^^^^^^
  File "/home/runner/workspace/.pythonlibs/lib/python3.11/site-packages/starlette/middleware/base.py", line 159, in call_next
    raise app_exc
  File "/home/runner/workspace/.pythonlibs/lib/python3.11/site-packages/starlette/middleware/base.py", line 144, in coro
    await self.app(scope, receive_or_disconnect, send_no_error)
  File "/home/runner/workspace/.pythonlibs/lib/python3.11/site-packages/starlette/middleware/base.py", line 182, in __call__
    with recv_stream, send_stream, collapse_excgroups():
  File "/nix/store/7d088dip86hlzri9sk0h78b63yfmx0a0-python3-3.11.13/lib/python3.11/contextlib.py", line 158, in __exit__
    self.gen.throw(typ, value, traceback)
  File "/home/runner/workspace/.pythonlibs/lib/python3.11/site-packages/starlette/_utils.py", line 83, in collapse_excgroups
    raise exc
  File "/home/runner/workspace/.pythonlibs/lib/python3.11/site-packages/starlette/middleware/base.py", line 184, in __call__
    response = await self.dispatch_func(request, call_next)
               ^^^^^^^^^^^^^^^^^^^^^^^^^^^^^^^^^^^^^^^^^^^^
  File "/home/runner/workspace/middleware/security_headers.py", line 16, in dispatch
    response = await call_next(request)
               ^^^^^^^^^^^^^^^^^^^^^^^^
  File "/home/runner/workspace/.pythonlibs/lib/python3.11/site-packages/starlette/middleware/base.py", line 159, in call_next
    raise app_exc
  File "/home/runner/workspace/.pythonlibs/lib/python3.11/site-packages/starlette/middleware/base.py", line 144, in coro
    await self.app(scope, receive_or_disconnect, send_no_error)
  File "/home/runner/workspace/.pythonlibs/lib/python3.11/site-packages/starlette/middleware/exceptions.py", line 63, in __call__
    await wrap_app_handling_exceptions(self.app, conn)(scope, receive, send)
  File "/home/runner/workspace/.pythonlibs/lib/python3.11/site-packages/starlette/_exception_handler.py", line 53, in wrapped_app
    raise exc
  File "/home/runner/workspace/.pythonlibs/lib/python3.11/site-packages/starlette/_exception_handler.py", line 42, in wrapped_app
    await app(scope, receive, sender)
  File "/home/runner/workspace/.pythonlibs/lib/python3.11/site-packages/starlette/routing.py", line 716, in __call__
    await self.middleware_stack(scope, receive, send)
  File "/home/runner/workspace/.pythonlibs/lib/python3.11/site-packages/starlette/routing.py", line 736, in app
    await route.handle(scope, receive, send)
  File "/home/runner/workspace/.pythonlibs/lib/python3.11/site-packages/starlette/routing.py", line 290, in handle
    await self.app(scope, receive, send)
  File "/home/runner/workspace/.pythonlibs/lib/python3.11/site-packages/starlette/routing.py", line 78, in app
    await wrap_app_handling_exceptions(app, request)(scope, receive, send)
  File "/home/runner/workspace/.pythonlibs/lib/python3.11/site-packages/starlette/_exception_handler.py", line 53, in wrapped_app
    raise exc
  File "/home/runner/workspace/.pythonlibs/lib/python3.11/site-packages/starlette/_exception_handler.py", line 42, in wrapped_app
    await app(scope, receive, sender)
  File "/home/runner/workspace/.pythonlibs/lib/python3.11/site-packages/starlette/routing.py", line 75, in app
    response = await f(request)
               ^^^^^^^^^^^^^^^^
  File "/home/runner/workspace/.pythonlibs/lib/python3.11/site-packages/fastapi/routing.py", line 302, in app
    raw_response = await run_endpoint_function(
                   ^^^^^^^^^^^^^^^^^^^^^^^^^^^^
  File "/home/runner/workspace/.pythonlibs/lib/python3.11/site-packages/fastapi/routing.py", line 213, in run_endpoint_function
    return await dependant.call(**values)
           ^^^^^^^^^^^^^^^^^^^^^^^^^^^^^^
  File "/home/runner/workspace/.pythonlibs/lib/python3.11/site-packages/slowapi/extension.py", line 734, in async_wrapper
    response = await func(*args, **kwargs)  # type: ignore
               ^^^^^^^^^^^^^^^^^^^^^^^^^^^
  File "/home/runner/workspace/routers/eligibility.py", line 100, in check_eligibility_post
    grade_level=request_data.grade_level.value if request_data.grade_level else None,
                ^^^^^^^^^^^^^^^^^^^^^^^^^^^^^^
AttributeError: 'str' object has no attribute 'value'
2025-08-18 05:01:01 - scholarship_api.error_handler - WARNING - HTTP Exception - AUTHENTICATION_REQUIRED: Authentication required
2025-08-18 05:01:01 - scholarship_api.request_id_middleware - INFO - GET /api/v1/scholarships - 401
INFO:     127.0.0.1:36614 - "GET /api/v1/scholarships HTTP/1.1" 401 Unauthorized
2025-08-18 05:01:47 - scholarship_api.services.analytics_service - INFO - Logged interaction: search by user None
2025-08-18 05:01:47 - scholarship_api.services.scholarship_service - INFO - Searching scholarships with filters: keyword="'; DROP TABLE scholarships; --" fields_of_study=[] min_amount=None max_amount=None scholarship_types=[] states=[] min_gpa=None citizenship=None deadline_after=None deadline_before=None limit=20 offset=0
2025-08-18 05:01:47 - scholarship_api.services.scholarship_service - INFO - Search completed: 0 results out of 0 total
2025-08-18 05:01:47 - scholarship_api.request_id_middleware - INFO - GET /search - 200
INFO:     127.0.0.1:39440 - "GET /search?q=%27%3B+DROP+TABLE+scholarships%3B+-- HTTP/1.1" 200 OK
2025-08-18 05:01:47 - scholarship_api.services.analytics_service - INFO - Logged interaction: search by user None
2025-08-18 05:01:47 - scholarship_api.services.scholarship_service - INFO - Searching scholarships with filters: keyword="' OR '1'='1" fields_of_study=[] min_amount=None max_amount=None scholarship_types=[] states=[] min_gpa=None citizenship=None deadline_after=None deadline_before=None limit=20 offset=0
2025-08-18 05:01:47 - scholarship_api.services.scholarship_service - INFO - Search completed: 0 results out of 0 total
2025-08-18 05:01:47 - scholarship_api.request_id_middleware - INFO - GET /search - 200
INFO:     127.0.0.1:39444 - "GET /search?q=%27+OR+%271%27%3D%271 HTTP/1.1" 200 OK
2025-08-18 05:01:47 - scholarship_api.services.analytics_service - INFO - Logged interaction: search by user None
2025-08-18 05:01:47 - scholarship_api.services.scholarship_service - INFO - Searching scholarships with filters: keyword="admin'--" fields_of_study=[] min_amount=None max_amount=None scholarship_types=[] states=[] min_gpa=None citizenship=None deadline_after=None deadline_before=None limit=20 offset=0
2025-08-18 05:01:47 - scholarship_api.services.scholarship_service - INFO - Search completed: 0 results out of 0 total
2025-08-18 05:01:47 - scholarship_api.request_id_middleware - INFO - GET /search - 200
INFO:     127.0.0.1:39458 - "GET /search?q=admin%27-- HTTP/1.1" 200 OK
2025-08-18 05:01:48 - scholarship_api.request_id_middleware - INFO - GET / - 200
INFO:     127.0.0.1:39474 - "GET / HTTP/1.1" 200 OK
2025-08-18 05:01:48 - scholarship_api.error_handler - WARNING - HTTP Exception - AUTHENTICATION_REQUIRED: Authentication required
2025-08-18 05:01:48 - scholarship_api.request_id_middleware - INFO - GET /api/v1/scholarships - 401
INFO:     127.0.0.1:39488 - "GET /api/v1/scholarships HTTP/1.1" 401 Unauthorized
2025-08-18 05:01:48,936 INFO sqlalchemy.engine.Engine select pg_catalog.version()
2025-08-18 05:01:48,936 INFO sqlalchemy.engine.Engine [raw sql] {}
2025-08-18 05:01:49,000 INFO sqlalchemy.engine.Engine select current_schema()
2025-08-18 05:01:49,000 INFO sqlalchemy.engine.Engine [raw sql] {}
2025-08-18 05:01:49,062 INFO sqlalchemy.engine.Engine show standard_conforming_strings
2025-08-18 05:01:49,062 INFO sqlalchemy.engine.Engine [raw sql] {}
2025-08-18 05:01:49,122 INFO sqlalchemy.engine.Engine BEGIN (implicit)
2025-08-18 05:01:49,122 INFO sqlalchemy.engine.Engine SELECT 1
2025-08-18 05:01:49,122 INFO sqlalchemy.engine.Engine [generated in 0.00013s] {}
2025-08-18 05:01:49,200 INFO sqlalchemy.engine.Engine SELECT COUNT(*) FROM scholarships
2025-08-18 05:01:49,200 INFO sqlalchemy.engine.Engine [generated in 0.00016s] {}
2025-08-18 05:01:49,267 INFO sqlalchemy.engine.Engine SELECT COUNT(*) FROM interactions
2025-08-18 05:01:49,267 INFO sqlalchemy.engine.Engine [generated in 0.00014s] {}
2025-08-18 05:01:49,310 INFO sqlalchemy.engine.Engine ROLLBACK
2025-08-18 05:01:49 - scholarship_api.request_id_middleware - INFO - GET /db/status - 200
INFO:     127.0.0.1:39496 - "GET /db/status HTTP/1.1" 200 OK
